{"uuid":"8d693082-c268-454e-b319-e8dd975d6c61","historyId":"c63eabc06827115d0ef873b3058d218c","fullName":"ErrorValidationTest.validationLoginErrorTest","labels":[{"name":"package","value":"ErrorValidationTest"},{"name":"testClass","value":"ErrorValidationTest"},{"name":"testMethod","value":"validationLoginErrorTest"},{"name":"parentSuite","value":"Surefire suite"},{"name":"suite","value":"Surefire test"},{"name":"subSuite","value":"ErrorValidationTest"},{"name":"host","value":"LucianaAgustina.fibertel.com.ar"},{"name":"thread","value":"88999@LucianaAgustina.fibertel.com.ar.main(3)"},{"name":"framework","value":"testng"},{"name":"language","value":"java"}],"links":[],"name":"validationLoginErrorTest","status":"broken","statusDetails":{"known":false,"muted":false,"flaky":false,"message":"java.nio.file.NoSuchFileException: /Users/marcelolopez/IdeaProjects/SeleniumFrameworkDesign/src/test/java/data/validationLoginErrorTest.json","trace":"java.lang.RuntimeException: java.nio.file.NoSuchFileException: /Users/marcelolopez/IdeaProjects/SeleniumFrameworkDesign/src/test/java/data/validationLoginErrorTest.json\n\tat org.testng.internal.invokers.MethodInvocationHelper.invokeMethodNoCheckedException(MethodInvocationHelper.java:58)\n\tat org.testng.internal.invokers.MethodInvocationHelper.invokeDataProvider(MethodInvocationHelper.java:159)\n\tat org.testng.internal.Parameters.handleParameters(Parameters.java:809)\n\tat org.testng.internal.Parameters.handleParameters(Parameters.java:734)\n\tat org.testng.internal.invokers.ParameterHandler.handleParameters(ParameterHandler.java:72)\n\tat org.testng.internal.invokers.ParameterHandler.createParameters(ParameterHandler.java:51)\n\tat org.testng.internal.invokers.TestInvoker$MethodInvocationAgent.invoke(TestInvoker.java:959)\n\tat org.testng.internal.invokers.TestInvoker.invokeTestMethods(TestInvoker.java:203)\n\tat org.testng.internal.invokers.TestMethodWorker.invokeTestMethods(TestMethodWorker.java:154)\n\tat org.testng.internal.invokers.TestMethodWorker.run(TestMethodWorker.java:134)\n\tat java.base/java.util.ArrayList.forEach(ArrayList.java:1604)\n\tat org.testng.TestRunner.privateRun(TestRunner.java:744)\n\tat org.testng.TestRunner.run(TestRunner.java:616)\n\tat org.testng.SuiteRunner.runTest(SuiteRunner.java:421)\n\tat org.testng.SuiteRunner.runSequentially(SuiteRunner.java:413)\n\tat org.testng.SuiteRunner.privateRun(SuiteRunner.java:373)\n\tat org.testng.SuiteRunner.run(SuiteRunner.java:312)\n\tat org.testng.SuiteRunnerWorker.runSuite(SuiteRunnerWorker.java:52)\n\tat org.testng.SuiteRunnerWorker.run(SuiteRunnerWorker.java:95)\n\tat org.testng.TestNG.runSuitesSequentially(TestNG.java:1274)\n\tat org.testng.TestNG.runSuitesLocally(TestNG.java:1208)\n\tat org.testng.TestNG.runSuites(TestNG.java:1112)\n\tat org.testng.TestNG.run(TestNG.java:1079)\n\tat org.apache.maven.surefire.testng.TestNGExecutor.run(TestNGExecutor.java:155)\n\tat org.apache.maven.surefire.testng.TestNGDirectoryTestSuite.executeMulti(TestNGDirectoryTestSuite.java:169)\n\tat org.apache.maven.surefire.testng.TestNGDirectoryTestSuite.execute(TestNGDirectoryTestSuite.java:88)\n\tat org.apache.maven.surefire.testng.TestNGProvider.invoke(TestNGProvider.java:137)\n\tat org.apache.maven.surefire.booter.ForkedBooter.runSuitesInProcess(ForkedBooter.java:385)\n\tat org.apache.maven.surefire.booter.ForkedBooter.execute(ForkedBooter.java:162)\n\tat org.apache.maven.surefire.booter.ForkedBooter.run(ForkedBooter.java:507)\n\tat org.apache.maven.surefire.booter.ForkedBooter.main(ForkedBooter.java:495)\nCaused by: java.nio.file.NoSuchFileException: /Users/marcelolopez/IdeaProjects/SeleniumFrameworkDesign/src/test/java/data/validationLoginErrorTest.json\n\tat java.base/sun.nio.fs.UnixException.translateToIOException(UnixException.java:92)\n\tat java.base/sun.nio.fs.UnixException.rethrowAsIOException(UnixException.java:106)\n\tat java.base/sun.nio.fs.UnixException.rethrowAsIOException(UnixException.java:111)\n\tat java.base/sun.nio.fs.UnixFileSystemProvider.newFileChannel(UnixFileSystemProvider.java:213)\n\tat java.base/sun.nio.fs.UnixFileSystemProvider.newByteChannel(UnixFileSystemProvider.java:244)\n\tat java.base/java.nio.file.Files.newByteChannel(Files.java:357)\n\tat java.base/java.nio.file.Files.newByteChannel(Files.java:399)\n\tat java.base/java.nio.file.spi.FileSystemProvider.newInputStream(FileSystemProvider.java:371)\n\tat java.base/java.nio.file.Files.newInputStream(Files.java:154)\n\tat org.apache.commons.io.FileUtils.lambda$readFileToString$12(FileUtils.java:2615)\n\tat org.apache.commons.io.IOUtils.toString(IOUtils.java:3239)\n\tat org.apache.commons.io.IOUtils.toString(IOUtils.java:3214)\n\tat org.apache.commons.io.FileUtils.readFileToString(FileUtils.java:2615)\n\tat data.DataReader.getJsonDataToMap(DataReader.java:19)\n\tat data.DataReader.getData(DataReader.java:36)\n\tat java.base/jdk.internal.reflect.DirectMethodHandleAccessor.invoke(DirectMethodHandleAccessor.java:104)\n\tat java.base/java.lang.reflect.Method.invoke(Method.java:565)\n\tat org.testng.internal.invokers.MethodInvocationHelper.invokeMethod(MethodInvocationHelper.java:141)\n\tat org.testng.internal.invokers.MethodInvocationHelper.invokeMethod(MethodInvocationHelper.java:86)\n\tat org.testng.internal.invokers.MethodInvocationHelper.invokeMethodNoCheckedException(MethodInvocationHelper.java:54)\n\t... 30 more\n"},"stage":"finished","steps":[],"attachments":[],"parameters":[],"start":1771292087981,"stop":1771292087981}